<?xml version="1.0" encoding="UTF-8"?>
<!-- Generated by org.testng.reporters.JUnitReportReporter -->
<testsuite hostname="Sagar-Laptop" failures="0" tests="1" name="com.training.practice.AppTest" time="0.000" errors="0" timestamp="2019-11-29T16:35:24 IST" skipped="0">
  <testcase classname="com.training.practice.AppTest" name="testApp" time="0.000"/>
</testsuite> <!-- com.training.practice.AppTest -->
