<?xml version="1.0" encoding="UTF-8"?>
<!-- Generated by org.testng.reporters.JUnitReportReporter -->
<testsuite hostname="Sagar-Laptop" failures="0" tests="1" name="tests.Log4jDemo" time="0.006" errors="0" timestamp="2019-11-29T21:54:09 IST" skipped="0">
  <testcase classname="tests.Log4jDemo" name="log" time="0.006"/>
</testsuite> <!-- tests.Log4jDemo -->
