<?xml version="1.0" encoding="UTF-8"?>
<!-- Generated by org.testng.reporters.JUnitReportReporter -->
<testsuite hostname="Sagar-Laptop" failures="0" tests="1" name="tests.TestBase" time="7.455" errors="0" timestamp="2019-11-29T15:38:13 IST" skipped="0">
  <testcase classname="tests.TestBase" name="LaunchDriver" time="7.455"/>
</testsuite> <!-- tests.TestBase -->
